<?xml version="1.0" encoding="UTF-8"?>
<testng-results ignored="0" total="1" passed="1" failed="0" skipped="0">
  <reporter-output>
  </reporter-output>
  <suite started-at="2023-09-08T14:49:33 IST" name="Suite" finished-at="2023-09-08T14:49:49 IST" duration-ms="16528">
    <groups>
    </groups>
    <test started-at="2023-09-08T14:49:33 IST" name="Test" finished-at="2023-09-08T14:49:49 IST" duration-ms="16528">
      <class name="TestScript.LoginPage">
        <test-method is-config="true" signature="Openapplication()[pri:0, instance:TestScript.LoginPage@4803b726]" started-at="2023-09-08T14:49:33 IST" name="Openapplication" finished-at="2023-09-08T14:49:49 IST" duration-ms="16062" status="PASS">
          <reporter-output>
          </reporter-output>
        </test-method> <!-- Openapplication -->
        <test-method signature="Testapplication()[pri:0, instance:TestScript.LoginPage@4803b726]" started-at="2023-09-08T14:49:49 IST" name="Testapplication" finished-at="2023-09-08T14:49:49 IST" duration-ms="421" status="PASS">
          <reporter-output>
          </reporter-output>
        </test-method> <!-- Testapplication -->
      </class> <!-- TestScript.LoginPage -->
    </test> <!-- Test -->
  </suite> <!-- Suite -->
</testng-results>
